Compiled application.js  (2ms)  (pid 18262)
Compiled jquery.js  (15ms)  (pid 18262)
Compiled jquery_ujs.js  (0ms)  (pid 18262)
Compiled sessions.js  (179ms)  (pid 18262)
Compiled application.css  (0ms)  (pid 18262)
Compiled layout.css  (0ms)  (pid 18262)
Warning. Error encountered while saving cache /home/saasbook/Desktop/304-omniauth-identity/auth-before/tmp/cache/sass/2481f1c57251fdc631082dc358279da0a7f7707e/sessions.css.scssc: can't dump anonymous class #<Class:0x9bdb9fc>
Compiled sessions.css  (3ms)  (pid 18262)
Compiled application.js  (1ms)  (pid 18239)
Compiled jquery.js  (16ms)  (pid 18239)
Compiled jquery_ujs.js  (0ms)  (pid 18239)
Compiled sessions.js  (184ms)  (pid 18239)
Compiled application.css  (1ms)  (pid 18239)
Compiled layout.css  (0ms)  (pid 18239)
Warning. Error encountered while saving cache /home/saasbook/Desktop/304-omniauth-identity/auth-before/tmp/cache/sass/2481f1c57251fdc631082dc358279da0a7f7707e/sessions.css.scssc: can't dump anonymous class #<Class:0x9b00898>
Compiled sessions.css  (5ms)  (pid 18239)
Compiled application.js  (2ms)  (pid 6567)
Compiled jquery.js  (1ms)  (pid 6567)
Compiled jquery_ujs.js  (1ms)  (pid 6567)
Compiled sessions.js  (199ms)  (pid 6567)
Compiled application.css  (1ms)  (pid 6567)
Compiled layout.css  (0ms)  (pid 6567)
Warning. Error encountered while saving cache /home/saasbook/Desktop/Redeemify/tmp/cache/sass/3c4161035ed9044f6c1126c62ef04a2e6e8dc68f/sessions.css.scssc: can't dump anonymous class #<Class:0x90edbf8>
Compiled sessions.css  (4ms)  (pid 6567)
Compiled application.js  (2ms)  (pid 6544)
Compiled jquery.js  (3ms)  (pid 6544)
Compiled jquery_ujs.js  (0ms)  (pid 6544)
Compiled sessions.js  (237ms)  (pid 6544)
Compiled application.css  (4ms)  (pid 6544)
Compiled layout.css  (1ms)  (pid 6544)
Warning. Error encountered while saving cache /home/saasbook/Desktop/Redeemify/tmp/cache/sass/3c4161035ed9044f6c1126c62ef04a2e6e8dc68f/sessions.css.scssc: can't dump anonymous class #<Class:0xa42886c>
Compiled sessions.css  (3ms)  (pid 6544)
Compiled application.js  (2ms)  (pid 6770)
Compiled jquery.js  (1ms)  (pid 6770)
Compiled jquery_ujs.js  (0ms)  (pid 6770)
Compiled sessions.js  (191ms)  (pid 6770)
Compiled application.css  (0ms)  (pid 6770)
Compiled layout.css  (0ms)  (pid 6770)
Warning. Error encountered while saving cache /home/saasbook/Desktop/Redeemify/tmp/cache/sass/3c4161035ed9044f6c1126c62ef04a2e6e8dc68f/sessions.css.scssc: can't dump anonymous class #<Class:0x8b15d84>
Compiled sessions.css  (3ms)  (pid 6770)
Compiled application.js  (2ms)  (pid 6747)
Compiled jquery.js  (1ms)  (pid 6747)
Compiled jquery_ujs.js  (0ms)  (pid 6747)
Compiled sessions.js  (214ms)  (pid 6747)
Compiled application.css  (0ms)  (pid 6747)
Compiled layout.css  (0ms)  (pid 6747)
Warning. Error encountered while saving cache /home/saasbook/Desktop/Redeemify/tmp/cache/sass/3c4161035ed9044f6c1126c62ef04a2e6e8dc68f/sessions.css.scssc: can't dump anonymous class #<Class:0xa7e2fd4>
Compiled sessions.css  (3ms)  (pid 6747)
